{"name": "test_DummyTestCase1 Rated Buy-In Test", "status": "failed", "statusDetails": {"message": "AssertionError: Rated Buyin completed, but game record is NOT displayed on Games tab.\nassert False", "trace": "setup = <Page url='https://172.41.46.23:790/tabledashboard/2025-09-12/override'>\n\n    @allure.feature(\"Buy-In Feature\")\n    @allure.story(\"test_DummyTestCase1: Rated Buy-In\")\n    @allure.title(\"test_DummyTestCase1 Rated Buy-In Test\")\n    def test_TEST_0608(setup):\n        tbd = TableExecutionTemplate(setup, \"TEST-0608\",\"DummyFeature\")\n        status = \"Pass\"\n        remarks = \"\"\n        try:\n            # Your test logic here\n            tbd.logger_utils.log(\"Starting test_TEST-0608: Rated Buy-In Test\")\n            table_ip = tbd.config[\"tableIP\"]\n            chips_df = tbd.chips_df\n    \n            tbd.logger_utils.log(\"Navigating to Games tab.\")\n            tbd.table_actions.navigate_to_tab(tbd.games_tab.games_table_locator)\n            previous_game_id = tbd.games_tab.get_first_row_first_column_text()\n            tbd.logger_utils.log(f\"Previous Game ID: {previous_game_id}\")\n    \n            tbd.logger_utils.log(\"Processing buy-ins.\")\n            buyin_result = tbd.buyin_processor.process_buyins(table_ip, tbd.buyin_data, chips_df)\n            print(\"Buy-In Results:\")\n            for entry in buyin_result:\n                print(f\"Player: {entry['player']}, Denom: {entry['denom']}, Chips ID: {entry['chips_ID']}\")\n    \n            tbd.logger_utils.log(\"Processing wagers.\")\n            wager_result = tbd.wager_processor.process_wagers(table_ip, buyin_result, tbd.wager_data)\n            print(\"Wager Results:\")\n            for entry in wager_result:\n                print(f\"Player: {entry['player']}, Denom: {entry['denom']}, Antenna: {entry['antenna']}, Chips ID: {entry['chips_ID']}\")\n    \n            tbd.logger_utils.log(\"Drawing cards and pressing shoe.\")\n            tbd.card_processor.draw_cards_and_shoe_press(tbd.card_data, table_ip)\n    \n            tbd.logger_utils.log(\"Processing payouts.\")\n            tbd.payout_processor.process_payouts(table_ip, tbd.payout_data, chips_df)\n    \n            tbd.logger_utils.log(\"Navigating to Games tab for verification.\")\n            tbd.table_actions.navigate_to_tab(tbd.games_tab.games_table_locator)\n            current_game_id = tbd.games_tab.get_first_row_first_column_text()\n            tbd.logger_utils.log(f\"Current Game ID: {current_game_id}\")\n    \n            print(f\"Previous Game ID: {previous_game_id}, Current Game ID: {current_game_id}\")\n            if previous_game_id == current_game_id:\n                msg = \"Game record is not present on Games tab.\"\n                print(msg)\n                tbd.logger_utils.log(msg)\n                tbd.screenshot_util.attach_screenshot(name=msg)\n                tbd.screenshot_util.attach_text(msg, name=\"Verification Message\")\n                status = \"Fail\"\n                remarks = \"Rated Buyin completed, but game record is NOT displayed on Games tab.\"\n>               assert False, remarks\nE               AssertionError: Rated Buyin completed, but game record is NOT displayed on Games tab.\nE               assert False\n\nTestCases\\.DummyTestCases\\test_TEST-0608.py:56: AssertionError"}, "attachments": [{"name": "Game record is not present on Games tab.", "source": "2cc43b6a-fab5-4435-9492-3678b2907539-attachment.png", "type": "image/png"}, {"name": "Verification Message", "source": "9dbb2024-1f87-45a2-961f-e83c0f41bbca-attachment.txt", "type": "text/plain"}], "start": 1757669027085, "stop": 1757669152716, "uuid": "f72f41f7-cf6d-474e-a8cb-3084c0ed5090", "historyId": "ed777cdce6efa88fc18bf58a0aa067d1", "testCaseId": "ed777cdce6efa88fc18bf58a0aa067d1", "fullName": "TestCases..DummyTestCases.test_TEST-0608#test_TEST_0608", "labels": [{"name": "story", "value": "test_DummyTestCase1: Rated Buy-In"}, {"name": "feature", "value": "Buy-In Feature"}, {"name": "parentSuite", "value": "TestCases..DummyTestCases"}, {"name": "suite", "value": "test_TEST-0608"}, {"name": "host", "value": "CC-LT001020"}, {"name": "thread", "value": "8228-MainThread"}, {"name": "framework", "value": "pytest"}, {"name": "language", "value": "cpython3"}, {"name": "package", "value": "TestCases..DummyTestCases.test_TEST-0608"}], "titlePath": ["TestCases", ".DummyTestCases", "test_TEST-0608.py"]}